#
# A fatal error has been detected by the Java Runtime Environment:
#
#  EXCEPTION_ACCESS_VIOLATION (0xc0000005) at pc=0x58352d04, pid=13192, tid=11640
#
# JRE version: 6.0_22-b04
# Java VM: Java HotSpot(TM) Client VM (17.1-b03 mixed mode, sharing windows-x86 )
# Problematic frame:
# C  0x58352d04
#
# If you would like to submit a bug report, please visit:
#   http://java.sun.com/webapps/bugreport/crash.jsp
# The crash happened outside the Java Virtual Machine in native code.
# See problematic frame for where to report the bug.
#

---------------  T H R E A D  ---------------

Current thread (0x00249400):  JavaThread "main" [_thread_in_native, id=11640, stack(0x00030000,0x00130000)]

siginfo: ExceptionCode=0xc0000005, reading address 0x58352d04

Registers:
EAX=0xc0000000, EBX=0x00000000, ECX=0x40000000, EDX=0x00000003
ESP=0x0012f12c, EBP=0x0012f154, ESI=0x0000001c, EDI=0x0012f1a4
EIP=0x58352d04, EFLAGS=0x00210206

Top of Stack: (sp=0x0012f12c)
0x0012f12c:   7757c4e7 00440762 0000001c 00000000
0x0012f13c:   00000a14 0000001c dcbaabcd 00000000
0x0012f14c:   0012f1a4 0000001c 0012f1cc 7757c5e7
0x0012f15c:   58352d04 00440762 0000001c 00000000
0x0012f16c:   00000a14 f7b68f1d 00000000 00440762
0x0012f17c:   00000000 00000024 00000001 00326098
0x0012f18c:   00000000 00000030 ffcd9f67 ffffffff
0x0012f19c:   7757c590 00000000 00312800 00000001 

Instructions: (pc=0x58352d04)
0x58352cf4:   
[error occurred during error reporting (printing registers, top of stack, instructions near pc), id 0xc0000005]

Stack: [0x00030000,0x00130000],  sp=0x0012f12c,  free space=3fc0012e2dck
Native frames: (J=compiled Java code, j=interpreted, Vv=VM code, C=native code)
C  0x58352d04
C  [USER32.dll+0x1c5e7]
C  [USER32.dll+0x14f0e]
C  [USER32.dll+0x14f7d]
C  [ntdll.dll+0x46fce]
C  [USER32.dll+0x164a1]
C  [swt-win32-3740.dll+0xc5af]
J  org.eclipse.swt.internal.win32.OS.PeekMessageW(Lorg/eclipse/swt/internal/win32/MSG;IIII)Z
J  org.eclipse.swt.widgets.Display.readAndDispatch()Z
J  org.eclipse.ui.internal.Workbench.runEventLoop(Lorg/eclipse/jface/window/Window$IExceptionHandler;Lorg/eclipse/swt/widgets/Display;)V
j  org.eclipse.ui.internal.Workbench.runUI()I+555
j  org.eclipse.ui.internal.Workbench.access$4(Lorg/eclipse/ui/internal/Workbench;)I+1
j  org.eclipse.ui.internal.Workbench$7.run()V+73
j  org.eclipse.core.databinding.observable.Realm.runWithDefault(Lorg/eclipse/core/databinding/observable/Realm;Ljava/lang/Runnable;)V+12
j  org.eclipse.ui.internal.Workbench.createAndRunWorkbench(Lorg/eclipse/swt/widgets/Display;Lorg/eclipse/ui/application/WorkbenchAdvisor;)I+18
j  org.eclipse.ui.PlatformUI.createAndRunWorkbench(Lorg/eclipse/swt/widgets/Display;Lorg/eclipse/ui/application/WorkbenchAdvisor;)I+2
j  org.eclipse.ui.internal.ide.application.IDEApplication.start(Lorg/eclipse/equinox/app/IApplicationContext;)Ljava/lang/Object;+108
j  org.eclipse.equinox.internal.app.EclipseAppHandle.run(Ljava/lang/Object;)Ljava/lang/Object;+135
j  org.eclipse.core.runtime.internal.adaptor.EclipseAppLauncher.runApplication(Ljava/lang/Object;)Ljava/lang/Object;+103
j  org.eclipse.core.runtime.internal.adaptor.EclipseAppLauncher.start(Ljava/lang/Object;)Ljava/lang/Object;+29
j  org.eclipse.core.runtime.adaptor.EclipseStarter.run(Ljava/lang/Object;)Ljava/lang/Object;+149
j  org.eclipse.core.runtime.adaptor.EclipseStarter.run([Ljava/lang/String;Ljava/lang/Runnable;)Ljava/lang/Object;+183
v  ~StubRoutines::call_stub
V  [jvm.dll+0xf3a9c]
V  [jvm.dll+0x186591]
V  [jvm.dll+0xf3b1d]
V  [jvm.dll+0x1a0e8b]
V  [jvm.dll+0x1a18a6]
V  [jvm.dll+0x11f363]
C  [java.dll+0x7127]
j  sun.reflect.NativeMethodAccessorImpl.invoke(Ljava/lang/Object;[Ljava/lang/Object;)Ljava/lang/Object;+87
j  sun.reflect.DelegatingMethodAccessorImpl.invoke(Ljava/lang/Object;[Ljava/lang/Object;)Ljava/lang/Object;+6
j  java.lang.reflect.Method.invoke(Ljava/lang/Object;[Ljava/lang/Object;)Ljava/lang/Object;+161
j  org.eclipse.equinox.launcher.Main.invokeFramework([Ljava/lang/String;[Ljava/net/URL;)V+211
j  org.eclipse.equinox.launcher.Main.basicRun([Ljava/lang/String;)V+126
j  org.eclipse.equinox.launcher.Main.run([Ljava/lang/String;)I+4
v  ~StubRoutines::call_stub
V  [jvm.dll+0xf3a9c]
V  [jvm.dll+0x186591]
V  [jvm.dll+0xf3b1d]
V  [jvm.dll+0xfd5af]
V  [jvm.dll+0xff284]
C  [eclipse_1406.dll+0x624b]
C  [eclipse_1406.dll+0x532e]
C  [eclipse_1406.dll+0x15cb]
C  [ZendStudio.exe+0x1425]
C  [ZendStudio.exe+0x1010]
C  [ZendStudio.exe+0x30d9]
C  [kernel32.dll+0x4ed6c]
C  [ntdll.dll+0x6377b]
C  [ntdll.dll+0x6374e]

Java frames: (J=compiled Java code, j=interpreted, Vv=VM code)
J  org.eclipse.swt.internal.win32.OS.PeekMessageW(Lorg/eclipse/swt/internal/win32/MSG;IIII)Z
J  org.eclipse.swt.widgets.Display.readAndDispatch()Z
J  org.eclipse.ui.internal.Workbench.runEventLoop(Lorg/eclipse/jface/window/Window$IExceptionHandler;Lorg/eclipse/swt/widgets/Display;)V
j  org.eclipse.ui.internal.Workbench.runUI()I+555
j  org.eclipse.ui.internal.Workbench.access$4(Lorg/eclipse/ui/internal/Workbench;)I+1
j  org.eclipse.ui.internal.Workbench$7.run()V+73
j  org.eclipse.core.databinding.observable.Realm.runWithDefault(Lorg/eclipse/core/databinding/observable/Realm;Ljava/lang/Runnable;)V+12
j  org.eclipse.ui.internal.Workbench.createAndRunWorkbench(Lorg/eclipse/swt/widgets/Display;Lorg/eclipse/ui/application/WorkbenchAdvisor;)I+18
j  org.eclipse.ui.PlatformUI.createAndRunWorkbench(Lorg/eclipse/swt/widgets/Display;Lorg/eclipse/ui/application/WorkbenchAdvisor;)I+2
j  org.eclipse.ui.internal.ide.application.IDEApplication.start(Lorg/eclipse/equinox/app/IApplicationContext;)Ljava/lang/Object;+108
j  org.eclipse.equinox.internal.app.EclipseAppHandle.run(Ljava/lang/Object;)Ljava/lang/Object;+135
j  org.eclipse.core.runtime.internal.adaptor.EclipseAppLauncher.runApplication(Ljava/lang/Object;)Ljava/lang/Object;+103
j  org.eclipse.core.runtime.internal.adaptor.EclipseAppLauncher.start(Ljava/lang/Object;)Ljava/lang/Object;+29
j  org.eclipse.core.runtime.adaptor.EclipseStarter.run(Ljava/lang/Object;)Ljava/lang/Object;+149
j  org.eclipse.core.runtime.adaptor.EclipseStarter.run([Ljava/lang/String;Ljava/lang/Runnable;)Ljava/lang/Object;+183
v  ~StubRoutines::call_stub
j  sun.reflect.NativeMethodAccessorImpl.invoke0(Ljava/lang/reflect/Method;Ljava/lang/Object;[Ljava/lang/Object;)Ljava/lang/Object;+0
j  sun.reflect.NativeMethodAccessorImpl.invoke(Ljava/lang/Object;[Ljava/lang/Object;)Ljava/lang/Object;+87
j  sun.reflect.DelegatingMethodAccessorImpl.invoke(Ljava/lang/Object;[Ljava/lang/Object;)Ljava/lang/Object;+6
j  java.lang.reflect.Method.invoke(Ljava/lang/Object;[Ljava/lang/Object;)Ljava/lang/Object;+161
j  org.eclipse.equinox.launcher.Main.invokeFramework([Ljava/lang/String;[Ljava/net/URL;)V+211
j  org.eclipse.equinox.launcher.Main.basicRun([Ljava/lang/String;)V+126
j  org.eclipse.equinox.launcher.Main.run([Ljava/lang/String;)I+4
v  ~StubRoutines::call_stub

---------------  P R O C E S S  ---------------

Java Threads: ( => current thread )
  0x39b4d000 JavaThread "Worker-73" [_thread_blocked, id=15772, stack(0x49d00000,0x49e00000)]
  0x39b4b400 JavaThread "Worker-72" [_thread_blocked, id=12804, stack(0x4a010000,0x4a110000)]
  0x0527a800 JavaThread "Worker-71" [_thread_blocked, id=16304, stack(0x50ea0000,0x50fa0000)]
  0x0527f000 JavaThread "Worker-70" [_thread_blocked, id=14772, stack(0x4fc70000,0x4fd70000)]
  0x0527d000 JavaThread "Worker-69" [_thread_blocked, id=11624, stack(0x48a00000,0x48b00000)]
  0x05281400 JavaThread "org.eclipse.wst.sse.ui.internal.reconcile.StructuredRegionProcessor" daemon [_thread_blocked, id=12208, stack(0x435d0000,0x436d0000)]
  0x39b4cc00 JavaThread "org.eclipse.wst.sse.ui.internal.reconcile.StructuredRegionProcessor" daemon [_thread_blocked, id=15328, stack(0x50430000,0x50530000)]
  0x39b4c400 JavaThread "Worker-67" [_thread_blocked, id=12956, stack(0x4a900000,0x4aa00000)]
  0x39b4a000 JavaThread "Worker-66" [_thread_blocked, id=9388, stack(0x47a90000,0x47b90000)]
  0x39b4c000 JavaThread "Worker-65" [_thread_blocked, id=16044, stack(0x4f3c0000,0x4f4c0000)]
  0x39b4a800 JavaThread "Worker-62" [_thread_blocked, id=12860, stack(0x45fb0000,0x460b0000)]
  0x05281000 JavaThread "Timer-6" daemon [_thread_blocked, id=16356, stack(0x47f00000,0x48000000)]
  0x0527ec00 JavaThread "Timer-5" daemon [_thread_blocked, id=14576, stack(0x48e00000,0x48f00000)]
  0x0527f800 JavaThread "Timer-4" daemon [_thread_blocked, id=10204, stack(0x437d0000,0x438d0000)]
  0x05281c00 JavaThread "Timer-3" daemon [_thread_blocked, id=10980, stack(0x48b00000,0x48c00000)]
  0x0527e400 JavaThread "Timer-2" daemon [_thread_blocked, id=14656, stack(0x47d00000,0x47e00000)]
  0x39b49c00 JavaThread "H2 Log Writer MODEL" daemon [_thread_blocked, id=10436, stack(0x3dda0000,0x3dea0000)]
  0x39c1a000 JavaThread "Thread-16" [_thread_in_native, id=12220, stack(0x3c6c0000,0x3c7c0000)]
  0x39c19c00 JavaThread "H2 File Lock Watchdog C:\Users\Administrator\Zend\workspaces\DefaultWorkspace\.metadata\.plugins\org.eclipse.dltk.core.index.sql.h2\model.lock.db" daemon [_thread_blocked, id=11180, stack(0x3c5c0000,0x3c6c0000)]
  0x39c19400 JavaThread "Java indexing" daemon [_thread_blocked, id=12608, stack(0x3c4c0000,0x3c5c0000)]
  0x0544e800 JavaThread "Thread-13" [_thread_blocked, id=13944, stack(0x3c3c0000,0x3c4c0000)]
  0x0544fc00 JavaThread "PHP Debugger Daemon Thread  - Port: 20080" daemon [_thread_in_native, id=10660, stack(0x3c1c0000,0x3c2c0000)]
  0x0544f400 JavaThread "PHP Debugger Daemon Thread  - Port: 10137" daemon [_thread_in_native, id=13592, stack(0x3c0c0000,0x3c1c0000)]
  0x0544f000 JavaThread "PHP Debugger Daemon Thread  - Port: 9000" daemon [_thread_in_native, id=10140, stack(0x3bfc0000,0x3c0c0000)]
  0x0544d800 JavaThread "Thread-9" [_thread_in_native, id=12480, stack(0x3bcc0000,0x3bdc0000)]
  0x0544dc00 JavaThread "RSE Connection Monitor" [_thread_blocked, id=12068, stack(0x3bbc0000,0x3bcc0000)]
  0x0527c400 JavaThread "Bundle File Closer" daemon [_thread_blocked, id=2904, stack(0x3a0a0000,0x3a1a0000)]
  0x0527c000 JavaThread "org.eclipse.wst.sse.ui.internal.reconcile.StructuredRegionProcessor" daemon [_thread_blocked, id=13092, stack(0x05d10000,0x05e10000)]
  0x0527b800 JavaThread "JavaScript indexing" daemon [_thread_blocked, id=12240, stack(0x05bf0000,0x05cf0000)]
  0x0527b400 JavaThread "DLTK indexing" daemon [_thread_blocked, id=11804, stack(0x07610000,0x07710000)]
  0x0527ac00 JavaThread "Thread-3" [_thread_blocked, id=11932, stack(0x06d90000,0x06e90000)]
  0x05116800 JavaThread "[ThreadPool Manager] - Idle Thread" daemon [_thread_blocked, id=12080, stack(0x04f10000,0x05010000)]
  0x04525400 JavaThread "Worker-JM" [_thread_blocked, id=13196, stack(0x05510000,0x05610000)]
  0x044cc000 JavaThread "[Timer] - Main Queue Handler" daemon [_thread_blocked, id=13532, stack(0x05010000,0x05110000)]
  0x04411800 JavaThread "Framework Event Dispatcher" daemon [_thread_blocked, id=12784, stack(0x04e10000,0x04f10000)]
  0x044cec00 JavaThread "Start Level Event Dispatcher" daemon [_thread_blocked, id=13304, stack(0x04d10000,0x04e10000)]
  0x044d0c00 JavaThread "State Data Manager" daemon [_thread_blocked, id=12456, stack(0x04b30000,0x04c30000)]
  0x044b1400 JavaThread "Framework Active Thread" [_thread_blocked, id=12664, stack(0x049a0000,0x04aa0000)]
  0x0180dc00 JavaThread "Low Memory Detector" daemon [_thread_blocked, id=5064, stack(0x041d0000,0x042d0000)]
  0x0180bc00 JavaThread "CompilerThread0" daemon [_thread_blocked, id=13864, stack(0x040d0000,0x041d0000)]
  0x01808400 JavaThread "Attach Listener" daemon [_thread_blocked, id=8248, stack(0x03fd0000,0x040d0000)]
  0x01805400 JavaThread "Signal Dispatcher" daemon [_thread_blocked, id=13800, stack(0x03ed0000,0x03fd0000)]
  0x017c0800 JavaThread "Finalizer" daemon [_thread_blocked, id=14148, stack(0x03dd0000,0x03ed0000)]
  0x017bf400 JavaThread "Reference Handler" daemon [_thread_blocked, id=12196, stack(0x03cd0000,0x03dd0000)]
=>0x00249400 JavaThread "main" [_thread_in_native, id=11640, stack(0x00030000,0x00130000)]

Other Threads:
  0x017bd400 VMThread [stack: 0x03bd0000,0x03cd0000] [id=14324]
  0x01827000 WatcherThread [stack: 0x042d0000,0x043d0000] [id=11144]

VM state:not at safepoint (normal execution)

VM Mutex/Monitor currently owned by a thread: None

Heap
 def new generation   total 48576K, used 20839K [0x07aa0000, 0x0af50000, 0x12540000)
  eden space 43200K,  48% used [0x07aa0000, 0x08ef3c70, 0x0a4d0000)
  from space 5376K,   0% used [0x0a4d0000, 0x0a4d6280, 0x0aa10000)
  to   space 5376K,   0% used [0x0aa10000, 0x0aa10000, 0x0af50000)
 tenured generation   total 107756K, used 68907K [0x12540000, 0x18e7b000, 0x27aa0000)
   the space 107756K,  63% used [0x12540000, 0x1688ae78, 0x1688b000, 0x18e7b000)
 compacting perm gen  total 73216K, used 73212K [0x27aa0000, 0x2c220000, 0x37aa0000)
   the space 73216K,  99% used [0x27aa0000, 0x2c21f290, 0x2c21f400, 0x2c220000)
    ro space 10240K,  54% used [0x37aa0000, 0x3801c510, 0x3801c600, 0x384a0000)
    rw space 12288K,  55% used [0x384a0000, 0x38b3fb78, 0x38b3fc00, 0x390a0000)

Dynamic libraries:
0x00400000 - 0x0040d000 	D:\Program Files\Zend\Zend Studio 9.0.4\ZendStudio.exe
0x77c30000 - 0x77d6c000 	C:\windows\SYSTEM32\ntdll.dll
0x76fb0000 - 0x77084000 	C:\windows\system32\kernel32.dll
0x75d50000 - 0x75d9b000 	C:\windows\system32\KERNELBASE.dll
0x77560000 - 0x77629000 	C:\windows\system32\USER32.dll
0x76ec0000 - 0x76f0e000 	C:\windows\system32\GDI32.dll
0x76f10000 - 0x76f1a000 	C:\windows\system32\LPK.dll
0x76c60000 - 0x76cfd000 	C:\windows\system32\USP10.dll
0x75f60000 - 0x7600c000 	C:\windows\system32\msvcrt.dll
0x6de50000 - 0x6ded4000 	C:\windows\WinSxS\x86_microsoft.windows.common-controls_6595b64144ccf1df_5.82.7601.17514_none_ec83dffa859149af\COMCTL32.dll
0x75e10000 - 0x75eb0000 	C:\windows\system32\ADVAPI32.dll
0x77d70000 - 0x77d89000 	C:\windows\SYSTEM32\sechost.dll
0x77a60000 - 0x77b01000 	C:\windows\system32\RPCRT4.dll
0x77da0000 - 0x77dbf000 	C:\windows\system32\IMM32.DLL
0x76df0000 - 0x76ebc000 	C:\windows\system32\MSCTF.dll
0x75a30000 - 0x75a68000 	C:\windows\system32\nvinit.dll
0x72000000 - 0x7200d000 	D:\Program Files\Zend\Zend Studio 9.0.4\plugins\org.eclipse.equinox.launcher.win32.win32.x86_1.1.100.v20110502\eclipse_1406.dll
0x74f30000 - 0x74f39000 	C:\windows\system32\VERSION.dll
0x74750000 - 0x74790000 	C:\windows\system32\uxtheme.dll
0x6d8a0000 - 0x6db47000 	D:\Program Files\Java\jdk1.6.0_22\jre\bin\client\jvm.dll
0x75b40000 - 0x75b72000 	C:\windows\system32\WINMM.dll
0x7c360000 - 0x7c3b6000 	C:\windows\system32\MSVCR71.dll
0x75960000 - 0x759ac000 	C:\windows\system32\apphelp.dll
0x6d850000 - 0x6d85c000 	D:\Program Files\Java\jdk1.6.0_22\jre\bin\verify.dll
0x6d3d0000 - 0x6d3ef000 	D:\Program Files\Java\jdk1.6.0_22\jre\bin\java.dll
0x6d330000 - 0x6d338000 	D:\Program Files\Java\jdk1.6.0_22\jre\bin\hpi.dll
0x77e50000 - 0x77e55000 	C:\windows\system32\PSAPI.DLL
0x6d890000 - 0x6d89f000 	D:\Program Files\Java\jdk1.6.0_22\jre\bin\zip.dll
0x754e0000 - 0x754f6000 	C:\windows\system32\CRYPTSP.dll
0x75280000 - 0x752bb000 	C:\windows\system32\rsaenh.dll
0x75090000 - 0x750a7000 	C:\windows\system32\USERENV.dll
0x75a70000 - 0x75a7b000 	C:\windows\system32\profapi.dll
0x759b0000 - 0x759bc000 	C:\windows\system32\CRYPTBASE.dll
0x6d6b0000 - 0x6d6c3000 	D:\Program Files\Java\jdk1.6.0_22\jre\bin\net.dll
0x77230000 - 0x77265000 	C:\windows\system32\WS2_32.dll
0x77dc0000 - 0x77dc6000 	C:\windows\system32\NSI.dll
0x754a0000 - 0x754dc000 	C:\windows\system32\mswsock.dll
0x75490000 - 0x75496000 	C:\windows\System32\wship6.dll
0x73ef0000 - 0x73f00000 	C:\windows\system32\NLAapi.dll
0x6ff40000 - 0x6ff50000 	C:\windows\system32\napinsp.dll
0x6ff20000 - 0x6ff32000 	C:\windows\system32\pnrpnsp.dll
0x75360000 - 0x753a4000 	C:\windows\system32\DNSAPI.dll
0x6ff10000 - 0x6ff18000 	C:\windows\System32\winrnr.dll
0x00290000 - 0x002a7000 	C:\Program Files\Common Files\Thunder Network\NetMon\net_monitor2.0.2.6.dll
0x76010000 - 0x76c5a000 	C:\windows\system32\SHELL32.dll
0x77910000 - 0x77967000 	C:\windows\system32\SHLWAPI.dll
0x77400000 - 0x7755c000 	C:\windows\system32\ole32.dll
0x7c3c0000 - 0x7c43c000 	C:\windows\system32\MSVCP71.dll
0x71b30000 - 0x71b36000 	C:\windows\System32\wshqos.dll
0x74fc0000 - 0x74fc5000 	C:\windows\system32\wshtcpip.DLL
0x73890000 - 0x738ac000 	C:\windows\system32\IPHLPAPI.DLL
0x73880000 - 0x73887000 	C:\windows\system32\WINNSI.DLL
0x71a80000 - 0x71a86000 	C:\windows\system32\rasadhlp.dll
0x73770000 - 0x737a8000 	C:\windows\System32\fwpuclnt.dll
0x003e0000 - 0x003ef000 	D:\Program Files\Youdao\Dict4\5.1.38.3211\WordStrokeHelper32.dll
0x6d6d0000 - 0x6d6d9000 	D:\Program Files\Java\jdk1.6.0_22\jre\bin\nio.dll
0x047f0000 - 0x0485e000 	D:\Program Files\Zend\Zend Studio 9.0.4\configuration\org.eclipse.osgi\bundles\328\1\.cp\swt-win32-3740.dll
0x76f20000 - 0x76faf000 	C:\windows\system32\OLEAUT32.dll
0x75ee0000 - 0x75f5b000 	C:\windows\system32\comdlg32.dll
0x747d0000 - 0x7496e000 	C:\windows\WinSxS\x86_microsoft.windows.common-controls_6595b64144ccf1df_6.0.7601.17514_none_41e6975e2bd6f2b2\COMCTL32.dll
0x6feb0000 - 0x6ff01000 	C:\windows\system32\WINSPOOL.DRV
0x77b10000 - 0x77c2b000 	C:\windows\system32\WININET.dll
0x77d90000 - 0x77d93000 	C:\windows\system32\Normaliz.dll
0x77630000 - 0x777e8000 	C:\windows\system32\iertutil.dll
0x777f0000 - 0x77901000 	C:\windows\system32\urlmon.dll
0x75ba0000 - 0x75cbe000 	C:\windows\system32\CRYPT32.dll
0x75ae0000 - 0x75aec000 	C:\windows\system32\MSASN1.dll
0x75af0000 - 0x75b03000 	C:\windows\system32\dwmapi.dll
0x74a70000 - 0x74b65000 	C:\windows\system32\propsys.dll
0x779d0000 - 0x77a53000 	C:\windows\system32\CLBCatQ.DLL
0x04890000 - 0x048ad000 	D:\Program Files\Zend\Zend Studio 9.0.4\configuration\org.eclipse.osgi\bundles\328\1\.cp\swt-gdip-win32-3740.dll
0x745c0000 - 0x74750000 	C:\windows\WinSxS\x86_microsoft.windows.gdiplus_6595b64144ccf1df_1.1.7601.17825_none_72d273598668a06b\gdiplus.dll
0x04910000 - 0x0491e000 	D:\Program Files\Zend\Zend Studio 9.0.4\configuration\org.eclipse.osgi\bundles\87\1\.cp\os\win32\x86\localfile_1_0_0.dll
0x74350000 - 0x7444b000 	C:\windows\system32\WindowsCodecs.dll
0x73d30000 - 0x73d35000 	C:\windows\system32\msimg32.dll
0x06c20000 - 0x06d8f000 	C:\windows\system32\explorerframe.dll
0x744d0000 - 0x744ff000 	C:\windows\system32\DUser.dll
0x74500000 - 0x745b2000 	C:\windows\system32\DUI70.dll
0x73ea0000 - 0x73edc000 	C:\windows\system32\oleacc.dll
0x72140000 - 0x72a8d000 	C:\Windows\System32\ieframe.dll
0x759c0000 - 0x75a1f000 	C:\windows\system32\SXS.DLL
0x75a20000 - 0x75a2e000 	C:\windows\system32\RpcRtRemote.dll
0x6c2d0000 - 0x6c2fe000 	C:\windows\system32\mlang.dll
0x697c0000 - 0x697cf000 	D:\Program Files\Zend\Zend Studio 9.0.4\configuration\org.eclipse.osgi\bundles\90\1\.cp\jWinHttp-1.0.0.dll
0x715f0000 - 0x71648000 	C:\windows\system32\WINHTTP.dll
0x715a0000 - 0x715ef000 	C:\windows\system32\webio.dll
0x736e0000 - 0x736f2000 	C:\windows\system32\dhcpcsvc.DLL
0x736d0000 - 0x736dd000 	C:\windows\system32\dhcpcsvc6.DLL
0x04c40000 - 0x04c51000 	D:\Program Files\Zend\Zend Studio 9.0.4\configuration\org.eclipse.osgi\bundles\33\1\.cp\lib\ICE_JNIRegistry.dll
0x3acc0000 - 0x3ad58000 	C:\Program Files\Kingsoft\Klive\kuaipanshellext.dll
0x75810000 - 0x75818000 	C:\windows\system32\Secur32.dll
0x75940000 - 0x7595b000 	C:\windows\system32\SSPICLI.DLL
0x740a0000 - 0x740c1000 	C:\windows\system32\ntmarta.dll
0x773b0000 - 0x773f5000 	C:\windows\system32\WLDAP32.dll
0x74200000 - 0x7420f000 	C:\windows\system32\samcli.dll
0x74790000 - 0x747a2000 	C:\windows\system32\SAMLIB.dll
0x73c90000 - 0x73c9a000 	C:\windows\system32\slc.dll
0x74220000 - 0x74229000 	C:\windows\system32\netutils.dll
0x77090000 - 0x7722d000 	C:\windows\system32\SETUPAPI.dll
0x75da0000 - 0x75dc7000 	C:\windows\system32\CFGMGR32.dll
0x75b80000 - 0x75b92000 	C:\windows\system32\DEVOBJ.dll
0x67ef0000 - 0x68088000 	C:\windows\system32\NetworkExplorer.dll
0x6de30000 - 0x6de42000 	C:\windows\system32\MPR.dll
0x6c750000 - 0x6c758000 	C:\windows\System32\drprov.dll
0x75120000 - 0x75149000 	C:\windows\System32\WINSTA.dll
0x682b0000 - 0x682c4000 	C:\windows\System32\ntlanman.dll
0x68290000 - 0x682a7000 	C:\windows\System32\davclnt.dll
0x69660000 - 0x69668000 	C:\windows\System32\DAVHLPR.dll
0x74210000 - 0x7421f000 	C:\windows\system32\wkscli.dll
0x71560000 - 0x7156b000 	C:\windows\system32\cscapi.dll
0x75dd0000 - 0x75dfd000 	C:\windows\system32\WINTRUST.dll
0x6c6e0000 - 0x6c750000 	C:\windows\system32\ntshrui.dll
0x75700000 - 0x75719000 	C:\windows\system32\srvcli.dll
0x67370000 - 0x6742e000 	D:\Program Files\Zend\Zend Studio 9.0.4\plugins\org.tigris.subversion.clientadapter.javahl.win32_1.7.7\MSVCR100.DLL
0x685b0000 - 0x68619000 	D:\Program Files\Zend\Zend Studio 9.0.4\plugins\org.tigris.subversion.clientadapter.javahl.win32_1.7.7\MSVCP100.DLL
0x68580000 - 0x685a5000 	D:\Program Files\Zend\Zend Studio 9.0.4\plugins\org.tigris.subversion.clientadapter.javahl.win32_1.7.7\libapr-1.dll
0x69070000 - 0x69079000 	D:\Program Files\Zend\Zend Studio 9.0.4\plugins\org.tigris.subversion.clientadapter.javahl.win32_1.7.7\libapriconv-1.dll
0x67230000 - 0x6736d000 	D:\Program Files\Zend\Zend Studio 9.0.4\plugins\org.tigris.subversion.clientadapter.javahl.win32_1.7.7\libeay32.dll
0x680c0000 - 0x680fe000 	D:\Program Files\Zend\Zend Studio 9.0.4\plugins\org.tigris.subversion.clientadapter.javahl.win32_1.7.7\ssleay32.dll
0x67ec0000 - 0x67eef000 	D:\Program Files\Zend\Zend Studio 9.0.4\plugins\org.tigris.subversion.clientadapter.javahl.win32_1.7.7\libaprutil-1.dll
0x664e0000 - 0x665f5000 	D:\Program Files\Zend\Zend Studio 9.0.4\plugins\org.tigris.subversion.clientadapter.javahl.win32_1.7.7\dbghelp.dll
0x686e0000 - 0x686f4000 	D:\Program Files\Zend\Zend Studio 9.0.4\plugins\org.tigris.subversion.clientadapter.javahl.win32_1.7.7\libsasl.dll
0x66060000 - 0x6617c000 	D:\Program Files\Zend\Zend Studio 9.0.4\plugins\org.tigris.subversion.clientadapter.javahl.win32_1.7.7\libsvn_subr-1.dll
0x6d340000 - 0x6d345000 	C:\windows\system32\SHFOLDER.dll
0x68270000 - 0x6828f000 	D:\Program Files\Zend\Zend Studio 9.0.4\plugins\org.tigris.subversion.clientadapter.javahl.win32_1.7.7\libsvn_delta-1.dll
0x67ea0000 - 0x67eb7000 	D:\Program Files\Zend\Zend Studio 9.0.4\plugins\org.tigris.subversion.clientadapter.javahl.win32_1.7.7\libsvn_diff-1.dll
0x66c50000 - 0x66ccd000 	D:\Program Files\Zend\Zend Studio 9.0.4\plugins\org.tigris.subversion.clientadapter.javahl.win32_1.7.7\libsvn_wc-1.dll
0x67e60000 - 0x67e91000 	D:\Program Files\Zend\Zend Studio 9.0.4\plugins\org.tigris.subversion.clientadapter.javahl.win32_1.7.7\libsvn_fs-1.dll

VM Arguments:
jvm_args: -Xms128M -Xmx512M -XX:MaxPermSize=256m -DGIT_SSL_NO_VERIFY=true -Dsvnkit.http.sslProtocols=SSLv3 
java_command: <unknown>
Launcher Type: generic

Environment Variables:
CLASSPATH=D:\Program Files\Java\jdk1.6.0_22\lib\dt.jar;.;D:\Program Files\Java\jdk1.6.0_22\lib\tools.jar;
PATH=D:/Program Files/Java/jdk1.6.0_22/bin/../jre/bin/client;D:/Program Files/Java/jdk1.6.0_22/bin/../jre/bin;D:/Program Files/Java/jdk1.6.0_22/bin/../jre/lib/i386;D:\Program Files\Java\jdk1.6.0_22\bin;C:\Program Files\Broadcom\Broadcom 802.11 Network Adapter\Driver;;C:\Program Files\Intel\iCLS Client\;C:\windows\system32;C:\windows;C:\windows\System32\Wbem;C:\windows\System32\WindowsPowerShell\v1.0\;D:\Èí¼þ\Windows7Master;C:\Program Files\Intel\OpenCL SDK\2.0\bin\x86;C:\Program Files\Intel\Intel(R) Management Engine Components\DAL;C:\Program Files\Intel\Intel(R) Management Engine Components\IPT;D:\Program Files\VisualSVN\bin;D:\Program Files\TortoiseSVN\bin;C:\Program Files\Microsoft SQL Server\100\Tools\Binn\;C:\Program Files\Microsoft SQL Server\100\DTS\Binn\;D:\Program Files\SSH;D:\dev\3nsc;
USERNAME=Administrator
OS=Windows_NT
PROCESSOR_IDENTIFIER=x86 Family 6 Model 42 Stepping 7, GenuineIntel



---------------  S Y S T E M  ---------------

OS: Windows 7 Build 7601 Service Pack 1

CPU:total 4 (8 cores per cpu, 2 threads per core) family 6 model 42 stepping 7, cmov, cx8, fxsr, mmx, sse, sse2, sse3, ssse3, sse4.1, sse4.2, popcnt, ht

Memory: 4k page, physical 1923440k(125432k free), swap 3846880k(1320460k free)

vm_info: Java HotSpot(TM) Client VM (17.1-b03) for windows-x86 JRE (1.6.0_22-b04), built on Sep 15 2010 00:56:36 by "java_re" with MS VC++ 7.1 (VS2003)

time: Sat Nov 17 23:54:13 2012
elapsed time: 9502 seconds

